<?xml version="1.0" encoding="UTF-8"?>
<!-- Generated by org.testng.reporters.JUnitXMLReporter -->
<testsuite ignored="0" hostname="Technossuss-Mac-mini.local" failures="3" tests="4" name="Westgate Regression Tests" time="159.911" errors="0" timestamp="2026-02-10T11:34:35 IST">
  <testcase classname="com.teknikos.WestgateMobileApp.WestgateRegressionTest" name="verifyAppLaunch" time="6.509"/>
  <testcase classname="com.teknikos.WestgateMobileApp.WestgateRegressionTest" name="verifyLoginFunctionality" time="87.626">
    <failure type="java.lang.AssertionError" message="expected [true] but found [false]">
      <![CDATA[java.lang.AssertionError: expected [true] but found [false]
at com.teknikos.WestgateMobileApp.base.pages.LoginPage.enterLoginCredentials(LoginPage.java:107)
at com.teknikos.WestgateMobileApp.base.pages.LoginPage.loginAsRegisteredUser(LoginPage.java:127)
at com.teknikos.WestgateMobileApp.WestgateRegressionTest.verifyLoginFunctionality(WestgateRegressionTest.java:49)
at java.base/java.util.ArrayList.forEach(ArrayList.java:1596)
... Removed 29 stack frames]]>
    </failure>
  </testcase> <!-- verifyLoginFunctionality -->
  <testcase classname="com.teknikos.WestgateMobileApp.WestgateRegressionTest" name="verifyMyStaySection" time="30.039">
    <failure type="java.lang.AssertionError" message="My Stay not visible expected [true] but found [false]">
      <![CDATA[java.lang.AssertionError: My Stay not visible expected [true] but found [false]
at com.teknikos.WestgateMobileApp.base.pages.MyStayPage.verifyMyStaySection(MyStayPage.java:48)
at com.teknikos.WestgateMobileApp.WestgateRegressionTest.verifyMyStaySection(WestgateRegressionTest.java:62)
at java.base/java.util.ArrayList.forEach(ArrayList.java:1596)
... Removed 28 stack frames]]>
    </failure>
  </testcase> <!-- verifyMyStaySection -->
  <testcase classname="com.teknikos.WestgateMobileApp.WestgateRegressionTest" name="verifyMyAccountSection" time="31.059">
    <failure type="java.lang.AssertionError" message="Add An Account Number not visible expected [true] but found [false]">
      <![CDATA[java.lang.AssertionError: Add An Account Number not visible expected [true] but found [false]
at com.teknikos.WestgateMobileApp.base.pages.MyAccountPage.verifyAccountOptions(MyAccountPage.java:63)
at com.teknikos.WestgateMobileApp.WestgateRegressionTest.verifyMyAccountSection(WestgateRegressionTest.java:76)
at java.base/java.util.ArrayList.forEach(ArrayList.java:1596)
... Removed 28 stack frames]]>
    </failure>
  </testcase> <!-- verifyMyAccountSection -->
</testsuite> <!-- Westgate Regression Tests -->
