<?xml version="1.0" encoding="UTF-8"?>
<!-- Generated by org.testng.reporters.JUnitXMLReporter -->
<testsuite ignored="0" hostname="Chinnamani" failures="0" tests="2" name="Smoke Tests" time="127.208" errors="0" timestamp="2026-02-09T16:32:44 IST">
  <testcase classname="com.teknikos.WestgateMobileApp.WestgateRegressionTest" name="verifyAppLaunch" time="11.432"/>
  <testcase classname="com.teknikos.WestgateMobileApp.WestgateRegressionTest" name="verifyLoginFunctionality" time="84.064"/>
</testsuite> <!-- Smoke Tests -->
